<?xml version="1.0" encoding="UTF-8" standalone="yes"?>
<ns2:test-suite xmlns:ns2="urn:model.allure.qatools.yandex.ru" start="1478287316000" stop="1478287427239" version="1.4.6">
    <name>Surefire suite</name>
    <title>Surefire suite : Surefire test[]</title>
    <test-cases>
        <test-case start="1478287326576" stop="1478287331251" status="passed">
            <name>positiveSend</name>
            <description type="text">Verify that we can sent data</description>
            <steps/>
            <attachments/>
            <labels>
                <label name="testId" value="E1"/>
                <label name="story" value="Story 1"/>
                <label name="feature" value="Sent Data Positive"/>
                <label name="host" value="TARASENKO"/>
                <label name="thread" value="15788@TARASENKO.main"/>
            </labels>
        </test-case>
        <test-case start="1478287340243" stop="1478287344855" status="passed">
            <name>negativeSend</name>
            <description type="text">Verify that we can't sent incorrect data</description>
            <steps/>
            <attachments/>
            <labels>
                <label name="testId" value="E2"/>
                <label name="story" value="Story 2"/>
                <label name="feature" value="Sent Data Negative"/>
                <label name="host" value="TARASENKO"/>
                <label name="thread" value="15788@TARASENKO.main"/>
            </labels>
        </test-case>
        <test-case start="1478287354189" stop="1478287365107" status="passed">
            <name>registrationTest</name>
            <description type="text">Verify that we can Registry</description>
            <steps/>
            <attachments/>
            <labels>
                <label name="testId" value="E3"/>
                <label name="story" value="Story 3"/>
                <label name="feature" value="Can registry"/>
                <label name="host" value="TARASENKO"/>
                <label name="thread" value="15788@TARASENKO.main"/>
            </labels>
        </test-case>
        <test-case start="1478287374394" stop="1478287376460" status="passed">
            <name>searchingTest</name>
            <description type="text">Verify that we find blouse</description>
            <steps/>
            <attachments/>
            <labels>
                <label name="testId" value="E4"/>
                <label name="story" value="Story 4"/>
                <label name="feature" value="Check product"/>
                <label name="host" value="TARASENKO"/>
                <label name="thread" value="15788@TARASENKO.main"/>
            </labels>
        </test-case>
        <test-case start="1478287385677" stop="1478287392134" status="passed">
            <name>cardTest</name>
            <description type="text">Verify that we can add product in card</description>
            <steps/>
            <attachments/>
            <labels>
                <label name="testId" value="E5"/>
                <label name="story" value="Story 5"/>
                <label name="feature" value="Add and delete from card"/>
                <label name="host" value="TARASENKO"/>
                <label name="thread" value="15788@TARASENKO.main"/>
            </labels>
        </test-case>
        <test-case start="1478287401136" stop="1478287403656" status="passed">
            <name>tShortExistTest</name>
            <description type="text">Verify that we can navigate</description>
            <steps/>
            <attachments/>
            <labels>
                <label name="testId" value="E6"/>
                <label name="story" value="Story 6"/>
                <label name="feature" value="navigate"/>
                <label name="host" value="TARASENKO"/>
                <label name="thread" value="15788@TARASENKO.main"/>
            </labels>
        </test-case>
        <test-case start="1478287413138" stop="1478287427170" status="broken">
            <name>tShortExistTest</name>
            <description type="text">Verify that we can buy product</description>
            <failure>
                <message>NoSuchElementException: Unable to locate element: {"method":"id","selector":"id_gender2"}
Command duration or timeout: 10.25 seconds
For documentation on this error, please visit: http://seleniumhq.org/exceptions/no_such_element.html
Build info: version: '2.53.1', revision: 'a36b8b1cd5757287168e54b817830adce9b0158d', time: '2016-06-30 19:26:09'
System info: host: 'TARASENKO', ip: '192.168.12.82', os.name: 'Windows 10', os.arch: 'amd64', os.version: '10.0', java.version: '1.8.0_102'
Driver info: org.openqa.selenium.firefox.FirefoxDriver
Capabilities [{applicationCacheEnabled=true, rotatable=false, handlesAlerts=true, databaseEnabled=true, version=38.7.1, platform=WINDOWS, nativeEvents=false, acceptSslCerts=true, webStorageEnabled=true, locationContextEnabled=true, browserName=firefox, takesScreenshot=true, javascriptEnabled=true, cssSelectorsEnabled=true}]
Session ID: 639a0fd1-be78-4f76-8275-a802fb6a41a7
*** Element info: {Using=id, value=id_gender2}</message>
                <stack-trace>org.openqa.selenium.NoSuchElementException: Unable to locate element: {"method":"id","selector":"id_gender2"}
Command duration or timeout: 10.25 seconds
For documentation on this error, please visit: http://seleniumhq.org/exceptions/no_such_element.html
Build info: version: '2.53.1', revision: 'a36b8b1cd5757287168e54b817830adce9b0158d', time: '2016-06-30 19:26:09'
System info: host: 'TARASENKO', ip: '192.168.12.82', os.name: 'Windows 10', os.arch: 'amd64', os.version: '10.0', java.version: '1.8.0_102'
Driver info: org.openqa.selenium.firefox.FirefoxDriver
Capabilities [{applicationCacheEnabled=true, rotatable=false, handlesAlerts=true, databaseEnabled=true, version=38.7.1, platform=WINDOWS, nativeEvents=false, acceptSslCerts=true, webStorageEnabled=true, locationContextEnabled=true, browserName=firefox, takesScreenshot=true, javascriptEnabled=true, cssSelectorsEnabled=true}]
Session ID: 639a0fd1-be78-4f76-8275-a802fb6a41a7
*** Element info: {Using=id, value=id_gender2}
	at sun.reflect.NativeConstructorAccessorImpl.newInstance0(Native Method)
	at sun.reflect.NativeConstructorAccessorImpl.newInstance(NativeConstructorAccessorImpl.java:62)
	at sun.reflect.DelegatingConstructorAccessorImpl.newInstance(DelegatingConstructorAccessorImpl.java:45)
	at java.lang.reflect.Constructor.newInstance(Constructor.java:423)
	at org.openqa.selenium.remote.ErrorHandler.createThrowable(ErrorHandler.java:206)
	at org.openqa.selenium.remote.ErrorHandler.throwIfResponseFailed(ErrorHandler.java:158)
	at org.openqa.selenium.remote.RemoteWebDriver.execute(RemoteWebDriver.java:678)
	at org.openqa.selenium.remote.RemoteWebDriver.findElement(RemoteWebDriver.java:363)
	at org.openqa.selenium.remote.RemoteWebDriver.findElementById(RemoteWebDriver.java:413)
	at org.openqa.selenium.By$ById.findElement(By.java:218)
	at org.openqa.selenium.remote.RemoteWebDriver.findElement(RemoteWebDriver.java:355)
	at org.openqa.selenium.support.pagefactory.DefaultElementLocator.findElement(DefaultElementLocator.java:69)
	at org.openqa.selenium.support.pagefactory.internal.LocatingElementHandler.invoke(LocatingElementHandler.java:38)
	at com.sun.proxy.$Proxy10.click(Unknown Source)
	at page.NewAccountPage.setMailCheckbox(NewAccountPage.java:156)
	at page.NewAccountPage.setDate(NewAccountPage.java:111)
	at webdriver.BaseTest.registryNewUser(BaseTest.java:37)
	at TestScenarioE7.tShortExistTest(TestScenarioE7.java:30)
	at sun.reflect.NativeMethodAccessorImpl.invoke0(Native Method)
	at sun.reflect.NativeMethodAccessorImpl.invoke(NativeMethodAccessorImpl.java:62)
	at sun.reflect.DelegatingMethodAccessorImpl.invoke(DelegatingMethodAccessorImpl.java:43)
	at java.lang.reflect.Method.invoke(Method.java:498)
	at org.testng.internal.MethodInvocationHelper.invokeMethod(MethodInvocationHelper.java:80)
	at org.testng.internal.Invoker.invokeMethod(Invoker.java:714)
	at org.testng.internal.Invoker.invokeTestMethod(Invoker.java:901)
	at org.testng.internal.Invoker.invokeTestMethods(Invoker.java:1231)
	at org.testng.internal.TestMethodWorker.invokeTestMethods(TestMethodWorker.java:127)
	at org.testng.internal.TestMethodWorker.run(TestMethodWorker.java:111)
	at org.testng.TestRunner.privateRun(TestRunner.java:767)
	at org.testng.TestRunner.run(TestRunner.java:617)
	at org.testng.SuiteRunner.runTest(SuiteRunner.java:334)
	at org.testng.SuiteRunner.runSequentially(SuiteRunner.java:329)
	at org.testng.SuiteRunner.privateRun(SuiteRunner.java:291)
	at org.testng.SuiteRunner.run(SuiteRunner.java:240)
	at org.testng.SuiteRunnerWorker.runSuite(SuiteRunnerWorker.java:52)
	at org.testng.SuiteRunnerWorker.run(SuiteRunnerWorker.java:86)
	at org.testng.TestNG.runSuitesSequentially(TestNG.java:1198)
	at org.testng.TestNG.runSuitesLocally(TestNG.java:1123)
	at org.testng.TestNG.run(TestNG.java:1031)
	at org.apache.maven.surefire.testng.TestNGExecutor.run(TestNGExecutor.java:115)
	at org.apache.maven.surefire.testng.TestNGDirectoryTestSuite.executeMulti(TestNGDirectoryTestSuite.java:205)
	at org.apache.maven.surefire.testng.TestNGDirectoryTestSuite.execute(TestNGDirectoryTestSuite.java:108)
	at org.apache.maven.surefire.testng.TestNGProvider.invoke(TestNGProvider.java:111)
	at org.apache.maven.surefire.booter.ForkedBooter.invokeProviderInSameClassLoader(ForkedBooter.java:203)
	at org.apache.maven.surefire.booter.ForkedBooter.runSuitesInProcess(ForkedBooter.java:155)
	at org.apache.maven.surefire.booter.ForkedBooter.main(ForkedBooter.java:103)
Caused by: org.openqa.selenium.NoSuchElementException: Unable to locate element: {"method":"id","selector":"id_gender2"}
For documentation on this error, please visit: http://seleniumhq.org/exceptions/no_such_element.html
Build info: version: '2.53.1', revision: 'a36b8b1cd5757287168e54b817830adce9b0158d', time: '2016-06-30 19:26:09'
System info: host: 'TARASENKO', ip: '192.168.12.82', os.name: 'Windows 10', os.arch: 'amd64', os.version: '10.0', java.version: '1.8.0_102'
Driver info: driver.version: unknown
	at &lt;anonymous class&gt;.FirefoxDriver.prototype.findElementInternal_(file:///C:/Users/TARASE~1/AppData/Local/Temp/anonymous8965825099257251004webdriver-profile/extensions/fxdriver@googlecode.com/components/driver-component.js:10770)
	at &lt;anonymous class&gt;.fxdriver.Timer.prototype.setTimeout/&lt;.notify(file:///C:/Users/TARASE~1/AppData/Local/Temp/anonymous8965825099257251004webdriver-profile/extensions/fxdriver@googlecode.com/components/driver-component.js:625)
</stack-trace>
            </failure>
            <steps/>
            <attachments>
                <attachment title="Screenshot" source="b8cfbd40-01af-4764-8f26-c202b52d0edd-attachment.png" type="image/png" size="127028"/>
            </attachments>
            <labels>
                <label name="testId" value="E7"/>
                <label name="story" value="Story 7"/>
                <label name="feature" value="Full path"/>
                <label name="host" value="TARASENKO"/>
                <label name="thread" value="15788@TARASENKO.main"/>
            </labels>
        </test-case>
    </test-cases>
    <labels>
        <label name="framework" value="TestNG"/>
        <label name="language" value="JAVA"/>
    </labels>
</ns2:test-suite>
