<?xml version="1.0" encoding="UTF-8"?>
<testng-results skipped="0" failed="1" total="7" passed="6">
  <reporter-output>
  </reporter-output>
  <suite name="Surefire suite" duration-ms="111217" started-at="2016-11-04T19:21:55Z" finished-at="2016-11-04T19:23:47Z">
    <groups>
    </groups>
    <test name="Surefire test" duration-ms="111217" started-at="2016-11-04T19:21:55Z" finished-at="2016-11-04T19:23:47Z">
      <class name="TestScenarioE1">
        <test-method status="PASS" signature="setup()[pri:0, instance:TestScenarioE1@72725ee1]" name="setup" is-config="true" duration-ms="10514" started-at="2016-11-04T22:21:56Z" finished-at="2016-11-04T22:22:06Z">
          <reporter-output>
          </reporter-output>
        </test-method> <!-- setup -->
        <test-method status="PASS" signature="positiveSend()[pri:0, instance:TestScenarioE1@72725ee1]" name="positiveSend" duration-ms="4706" started-at="2016-11-04T22:22:06Z" finished-at="2016-11-04T22:22:11Z">
          <reporter-output>
          </reporter-output>
        </test-method> <!-- positiveSend -->
        <test-method status="PASS" signature="teardown()[pri:0, instance:TestScenarioE1@72725ee1]" name="teardown" is-config="true" duration-ms="22" started-at="2016-11-04T22:22:11Z" finished-at="2016-11-04T22:22:11Z">
          <reporter-output>
          </reporter-output>
        </test-method> <!-- teardown -->
      </class> <!-- TestScenarioE1 -->
      <class name="TestScenarioE2">
        <test-method status="PASS" signature="setup()[pri:0, instance:TestScenarioE2@706eab5d]" name="setup" is-config="true" duration-ms="8906" started-at="2016-11-04T22:22:11Z" finished-at="2016-11-04T22:22:20Z">
          <reporter-output>
          </reporter-output>
        </test-method> <!-- setup -->
        <test-method status="PASS" signature="negativeSend()[pri:0, instance:TestScenarioE2@706eab5d]" name="negativeSend" duration-ms="4613" started-at="2016-11-04T22:22:20Z" finished-at="2016-11-04T22:22:24Z">
          <reporter-output>
          </reporter-output>
        </test-method> <!-- negativeSend -->
        <test-method status="PASS" signature="teardown()[pri:0, instance:TestScenarioE2@706eab5d]" name="teardown" is-config="true" duration-ms="16" started-at="2016-11-04T22:22:24Z" finished-at="2016-11-04T22:22:24Z">
          <reporter-output>
          </reporter-output>
        </test-method> <!-- teardown -->
      </class> <!-- TestScenarioE2 -->
      <class name="TestScenarioE7">
        <test-method status="PASS" signature="setup()[pri:0, instance:TestScenarioE7@40e60ece]" name="setup" is-config="true" duration-ms="9460" started-at="2016-11-04T22:23:23Z" finished-at="2016-11-04T22:23:33Z">
          <reporter-output>
          </reporter-output>
        </test-method> <!-- setup -->
        <test-method status="FAIL" signature="tShortExistTest()[pri:0, instance:TestScenarioE7@40e60ece]" name="tShortExistTest" duration-ms="13647" started-at="2016-11-04T22:23:33Z" finished-at="2016-11-04T22:23:46Z">
          <exception class="org.openqa.selenium.NoSuchElementException">
            <message>
              <![CDATA[Unable to locate element: {"method":"id","selector":"id_gender2"}
Command duration or timeout: 10.25 seconds
For documentation on this error, please visit: http://seleniumhq.org/exceptions/no_such_element.html
Build info: version: '2.53.1', revision: 'a36b8b1cd5757287168e54b817830adce9b0158d', time: '2016-06-30 19:26:09'
System info: host: 'TARASENKO', ip: '192.168.12.82', os.name: 'Windows 10', os.arch: 'amd64', os.version: '10.0', java.version: '1.8.0_102'
Driver info: org.openqa.selenium.firefox.FirefoxDriver
Capabilities [{applicationCacheEnabled=true, rotatable=false, handlesAlerts=true, databaseEnabled=true, version=38.7.1, platform=WINDOWS, nativeEvents=false, acceptSslCerts=true, webStorageEnabled=true, locationContextEnabled=true, browserName=firefox, takesScreenshot=true, javascriptEnabled=true, cssSelectorsEnabled=true}]
Session ID: 639a0fd1-be78-4f76-8275-a802fb6a41a7
*** Element info: {Using=id, value=id_gender2}]]>
            </message>
            <full-stacktrace>
              <![CDATA[org.openqa.selenium.NoSuchElementException: Unable to locate element: {"method":"id","selector":"id_gender2"}
Command duration or timeout: 10.25 seconds
For documentation on this error, please visit: http://seleniumhq.org/exceptions/no_such_element.html
Build info: version: '2.53.1', revision: 'a36b8b1cd5757287168e54b817830adce9b0158d', time: '2016-06-30 19:26:09'
System info: host: 'TARASENKO', ip: '192.168.12.82', os.name: 'Windows 10', os.arch: 'amd64', os.version: '10.0', java.version: '1.8.0_102'
Driver info: org.openqa.selenium.firefox.FirefoxDriver
Capabilities [{applicationCacheEnabled=true, rotatable=false, handlesAlerts=true, databaseEnabled=true, version=38.7.1, platform=WINDOWS, nativeEvents=false, acceptSslCerts=true, webStorageEnabled=true, locationContextEnabled=true, browserName=firefox, takesScreenshot=true, javascriptEnabled=true, cssSelectorsEnabled=true}]
Session ID: 639a0fd1-be78-4f76-8275-a802fb6a41a7
*** Element info: {Using=id, value=id_gender2}
	at sun.reflect.NativeConstructorAccessorImpl.newInstance0(Native Method)
	at sun.reflect.NativeConstructorAccessorImpl.newInstance(NativeConstructorAccessorImpl.java:62)
	at sun.reflect.DelegatingConstructorAccessorImpl.newInstance(DelegatingConstructorAccessorImpl.java:45)
	at java.lang.reflect.Constructor.newInstance(Constructor.java:423)
	at org.openqa.selenium.remote.ErrorHandler.createThrowable(ErrorHandler.java:206)
	at org.openqa.selenium.remote.ErrorHandler.throwIfResponseFailed(ErrorHandler.java:158)
	at org.openqa.selenium.remote.RemoteWebDriver.execute(RemoteWebDriver.java:678)
	at org.openqa.selenium.remote.RemoteWebDriver.findElement(RemoteWebDriver.java:363)
	at org.openqa.selenium.remote.RemoteWebDriver.findElementById(RemoteWebDriver.java:413)
	at org.openqa.selenium.By$ById.findElement(By.java:218)
	at org.openqa.selenium.remote.RemoteWebDriver.findElement(RemoteWebDriver.java:355)
	at org.openqa.selenium.support.pagefactory.DefaultElementLocator.findElement(DefaultElementLocator.java:69)
	at org.openqa.selenium.support.pagefactory.internal.LocatingElementHandler.invoke(LocatingElementHandler.java:38)
	at com.sun.proxy.$Proxy10.click(Unknown Source)
	at page.NewAccountPage.setMailCheckbox(NewAccountPage.java:156)
	at page.NewAccountPage.setDate(NewAccountPage.java:111)
	at webdriver.BaseTest.registryNewUser(BaseTest.java:37)
	at TestScenarioE7.tShortExistTest(TestScenarioE7.java:30)
	at sun.reflect.NativeMethodAccessorImpl.invoke0(Native Method)
	at sun.reflect.NativeMethodAccessorImpl.invoke(NativeMethodAccessorImpl.java:62)
	at sun.reflect.DelegatingMethodAccessorImpl.invoke(DelegatingMethodAccessorImpl.java:43)
	at java.lang.reflect.Method.invoke(Method.java:498)
	at org.testng.internal.MethodInvocationHelper.invokeMethod(MethodInvocationHelper.java:80)
	at org.testng.internal.Invoker.invokeMethod(Invoker.java:714)
	at org.testng.internal.Invoker.invokeTestMethod(Invoker.java:901)
	at org.testng.internal.Invoker.invokeTestMethods(Invoker.java:1231)
	at org.testng.internal.TestMethodWorker.invokeTestMethods(TestMethodWorker.java:127)
	at org.testng.internal.TestMethodWorker.run(TestMethodWorker.java:111)
	at org.testng.TestRunner.privateRun(TestRunner.java:767)
	at org.testng.TestRunner.run(TestRunner.java:617)
	at org.testng.SuiteRunner.runTest(SuiteRunner.java:334)
	at org.testng.SuiteRunner.runSequentially(SuiteRunner.java:329)
	at org.testng.SuiteRunner.privateRun(SuiteRunner.java:291)
	at org.testng.SuiteRunner.run(SuiteRunner.java:240)
	at org.testng.SuiteRunnerWorker.runSuite(SuiteRunnerWorker.java:52)
	at org.testng.SuiteRunnerWorker.run(SuiteRunnerWorker.java:86)
	at org.testng.TestNG.runSuitesSequentially(TestNG.java:1198)
	at org.testng.TestNG.runSuitesLocally(TestNG.java:1123)
	at org.testng.TestNG.run(TestNG.java:1031)
	at org.apache.maven.surefire.testng.TestNGExecutor.run(TestNGExecutor.java:115)
	at org.apache.maven.surefire.testng.TestNGDirectoryTestSuite.executeMulti(TestNGDirectoryTestSuite.java:205)
	at org.apache.maven.surefire.testng.TestNGDirectoryTestSuite.execute(TestNGDirectoryTestSuite.java:108)
	at org.apache.maven.surefire.testng.TestNGProvider.invoke(TestNGProvider.java:111)
	at org.apache.maven.surefire.booter.ForkedBooter.invokeProviderInSameClassLoader(ForkedBooter.java:203)
	at org.apache.maven.surefire.booter.ForkedBooter.runSuitesInProcess(ForkedBooter.java:155)
	at org.apache.maven.surefire.booter.ForkedBooter.main(ForkedBooter.java:103)
Caused by: org.openqa.selenium.NoSuchElementException: Unable to locate element: {"method":"id","selector":"id_gender2"}
For documentation on this error, please visit: http://seleniumhq.org/exceptions/no_such_element.html
Build info: version: '2.53.1', revision: 'a36b8b1cd5757287168e54b817830adce9b0158d', time: '2016-06-30 19:26:09'
System info: host: 'TARASENKO', ip: '192.168.12.82', os.name: 'Windows 10', os.arch: 'amd64', os.version: '10.0', java.version: '1.8.0_102'
Driver info: driver.version: unknown
	at <anonymous class>.FirefoxDriver.prototype.findElementInternal_(file:///C:/Users/TARASE~1/AppData/Local/Temp/anonymous8965825099257251004webdriver-profile/extensions/fxdriver@googlecode.com/components/driver-component.js:10770)
	at <anonymous class>.fxdriver.Timer.prototype.setTimeout/<.notify(file:///C:/Users/TARASE~1/AppData/Local/Temp/anonymous8965825099257251004webdriver-profile/extensions/fxdriver@googlecode.com/components/driver-component.js:625)
]]>
            </full-stacktrace>
          </exception> <!-- org.openqa.selenium.NoSuchElementException -->
          <reporter-output>
          </reporter-output>
        </test-method> <!-- tShortExistTest -->
        <test-method status="PASS" signature="teardown()[pri:0, instance:TestScenarioE7@40e60ece]" name="teardown" is-config="true" duration-ms="31" started-at="2016-11-04T22:23:47Z" finished-at="2016-11-04T22:23:47Z">
          <reporter-output>
          </reporter-output>
        </test-method> <!-- teardown -->
      </class> <!-- TestScenarioE7 -->
      <class name="TestScenarioE5">
        <test-method status="PASS" signature="setup()[pri:0, instance:TestScenarioE5@3a230001]" name="setup" is-config="true" duration-ms="9197" started-at="2016-11-04T22:22:56Z" finished-at="2016-11-04T22:23:05Z">
          <reporter-output>
          </reporter-output>
        </test-method> <!-- setup -->
        <test-method status="PASS" signature="cardTest()[pri:0, instance:TestScenarioE5@3a230001]" name="cardTest" duration-ms="6457" started-at="2016-11-04T22:23:05Z" finished-at="2016-11-04T22:23:12Z">
          <reporter-output>
          </reporter-output>
        </test-method> <!-- cardTest -->
        <test-method status="PASS" signature="teardown()[pri:0, instance:TestScenarioE5@3a230001]" name="teardown" is-config="true" duration-ms="15" started-at="2016-11-04T22:23:12Z" finished-at="2016-11-04T22:23:12Z">
          <reporter-output>
          </reporter-output>
        </test-method> <!-- teardown -->
      </class> <!-- TestScenarioE5 -->
      <class name="TestScenarioE6">
        <test-method status="PASS" signature="setup()[pri:0, instance:TestScenarioE6@5496c165]" name="setup" is-config="true" duration-ms="8987" started-at="2016-11-04T22:23:12Z" finished-at="2016-11-04T22:23:21Z">
          <reporter-output>
          </reporter-output>
        </test-method> <!-- setup -->
        <test-method status="PASS" signature="tShortExistTest()[pri:0, instance:TestScenarioE6@5496c165]" name="tShortExistTest" duration-ms="2520" started-at="2016-11-04T22:23:21Z" finished-at="2016-11-04T22:23:23Z">
          <reporter-output>
          </reporter-output>
        </test-method> <!-- tShortExistTest -->
        <test-method status="PASS" signature="teardown()[pri:0, instance:TestScenarioE6@5496c165]" name="teardown" is-config="true" duration-ms="22" started-at="2016-11-04T22:23:23Z" finished-at="2016-11-04T22:23:23Z">
          <reporter-output>
          </reporter-output>
        </test-method> <!-- teardown -->
      </class> <!-- TestScenarioE6 -->
      <class name="TestScenarioE3">
        <test-method status="PASS" signature="setup()[pri:0, instance:TestScenarioE3@5ac6c4f2]" name="setup" is-config="true" duration-ms="9317" started-at="2016-11-04T22:22:24Z" finished-at="2016-11-04T22:22:34Z">
          <reporter-output>
          </reporter-output>
        </test-method> <!-- setup -->
        <test-method status="PASS" signature="registrationTest()[pri:0, instance:TestScenarioE3@5ac6c4f2]" name="registrationTest" duration-ms="10918" started-at="2016-11-04T22:22:34Z" finished-at="2016-11-04T22:22:45Z">
          <reporter-output>
          </reporter-output>
        </test-method> <!-- registrationTest -->
        <test-method status="PASS" signature="teardown()[pri:0, instance:TestScenarioE3@5ac6c4f2]" name="teardown" is-config="true" duration-ms="15" started-at="2016-11-04T22:22:45Z" finished-at="2016-11-04T22:22:45Z">
          <reporter-output>
          </reporter-output>
        </test-method> <!-- teardown -->
      </class> <!-- TestScenarioE3 -->
      <class name="TestScenarioE4">
        <test-method status="PASS" signature="setup()[pri:0, instance:TestScenarioE4@3f9270ed]" name="setup" is-config="true" duration-ms="9272" started-at="2016-11-04T22:22:45Z" finished-at="2016-11-04T22:22:54Z">
          <reporter-output>
          </reporter-output>
        </test-method> <!-- setup -->
        <test-method status="PASS" signature="searchingTest()[pri:0, instance:TestScenarioE4@3f9270ed]" name="searchingTest" duration-ms="2066" started-at="2016-11-04T22:22:54Z" finished-at="2016-11-04T22:22:56Z">
          <reporter-output>
          </reporter-output>
        </test-method> <!-- searchingTest -->
        <test-method status="PASS" signature="teardown()[pri:0, instance:TestScenarioE4@3f9270ed]" name="teardown" is-config="true" duration-ms="20" started-at="2016-11-04T22:22:56Z" finished-at="2016-11-04T22:22:56Z">
          <reporter-output>
          </reporter-output>
        </test-method> <!-- teardown -->
      </class> <!-- TestScenarioE4 -->
    </test> <!-- Surefire test -->
  </suite> <!-- Surefire suite -->
</testng-results>
